This file contains any messages produced by compilers while
running configure, to aid debugging if configure makes a mistake.

It was created by libenet configure 1.3.18, which was
generated by GNU Autoconf 2.71.  Invocation command line was

  $ ./configure --no-create --no-recursion

## --------- ##
## Platform. ##
## --------- ##

hostname = linux-midtounp
uname -m = x86_64
uname -r = 6.8.0-50-generic
uname -s = Linux
uname -v = #51~22.04.1-Ubuntu SMP PREEMPT_DYNAMIC Thu Nov 21 12:03:03 UTC 2

/usr/bin/uname -p = x86_64
/bin/uname -X     = unknown

/bin/arch              = x86_64
/usr/bin/arch -k       = unknown
/usr/convex/getsysinfo = unknown
/usr/bin/hostinfo      = unknown
/bin/machine           = unknown
/usr/bin/oslevel       = unknown
/bin/universe          = unknown

PATH: /usr/local/sbin/
PATH: /usr/local/bin/
PATH: /usr/sbin/
PATH: /usr/bin/
PATH: /sbin/
PATH: /bin/
PATH: /snap/bin/


## ----------- ##
## Core tests. ##
## ----------- ##

configure:2469: looking for aux files: config.guess config.sub ltmain.sh compile missing install-sh
configure:2482:  trying ./
configure:2511:   ./config.guess found
configure:2511:   ./config.sub found
configure:2511:   ./ltmain.sh found
configure:2511:   ./compile found
configure:2511:   ./missing found
configure:2493:   ./install-sh found
configure:2641: checking for a BSD-compatible install
configure:2714: result: /usr/bin/install -c
configure:2725: checking whether build environment is sane
configure:2780: result: yes
configure:2939: checking for a race-free mkdir -p
configure:2983: result: /usr/bin/mkdir -p
configure:2990: checking for gawk
configure:3025: result: no
configure:2990: checking for mawk
configure:3011: found /usr/bin/mawk
configure:3022: result: mawk
configure:3033: checking whether make sets $(MAKE)
configure:3056: result: yes
configure:3086: checking whether make supports nested variables
configure:3104: result: yes
configure:3305: checking for gcc
configure:3326: found /usr/bin/gcc
configure:3337: result: gcc
configure:3690: checking for C compiler version
configure:3699: gcc --version >&5
gcc (Ubuntu 11.4.0-1ubuntu1~22.04) 11.4.0
Copyright (C) 2021 Free Software Foundation, Inc.
This is free software; see the source for copying conditions.  There is NO
warranty; not even for MERCHANTABILITY or FITNESS FOR A PARTICULAR PURPOSE.

configure:3710: $? = 0
configure:3699: gcc -v >&5
Using built-in specs.
COLLECT_GCC=gcc
COLLECT_LTO_WRAPPER=/usr/lib/gcc/x86_64-linux-gnu/11/lto-wrapper
OFFLOAD_TARGET_NAMES=nvptx-none:amdgcn-amdhsa
OFFLOAD_TARGET_DEFAULT=1
Target: x86_64-linux-gnu
Configured with: ../src/configure -v --with-pkgversion='Ubuntu 11.4.0-1ubuntu1~22.04' --with-bugurl=file:///usr/share/doc/gcc-11/README.Bugs --enable-languages=c,ada,c++,go,brig,d,fortran,objc,obj-c++,m2 --prefix=/usr --with-gcc-major-version-only --program-suffix=-11 --program-prefix=x86_64-linux-gnu- --enable-shared --enable-linker-build-id --libexecdir=/usr/lib --without-included-gettext --enable-threads=posix --libdir=/usr/lib --enable-nls --enable-bootstrap --enable-clocale=gnu --enable-libstdcxx-debug --enable-libstdcxx-time=yes --with-default-libstdcxx-abi=new --enable-gnu-unique-object --disable-vtable-verify --enable-plugin --enable-default-pie --with-system-zlib --enable-libphobos-checking=release --with-target-system-zlib=auto --enable-objc-gc=auto --enable-multiarch --disable-werror --enable-cet --with-arch-32=i686 --with-abi=m64 --with-multilib-list=m32,m64,mx32 --enable-multilib --with-tune=generic --enable-offload-targets=nvptx-none=/build/gcc-11-XeT9lY/gcc-11-11.4.0/debian/tmp-nvptx/usr,amdgcn-amdhsa=/build/gcc-11-XeT9lY/gcc-11-11.4.0/debian/tmp-gcn/usr --without-cuda-driver --enable-checking=release --build=x86_64-linux-gnu --host=x86_64-linux-gnu --target=x86_64-linux-gnu --with-build-config=bootstrap-lto-lean --enable-link-serialization=2
Thread model: posix
Supported LTO compression algorithms: zlib zstd
gcc version 11.4.0 (Ubuntu 11.4.0-1ubuntu1~22.04) 
... rest of stderr output deleted ...
configure:3710: $? = 0
configure:3699: gcc -V >&5
gcc: error: unrecognized command-line option '-V'
gcc: fatal error: no input files
compilation terminated.
configure:3710: $? = 1
configure:3699: gcc -qversion >&5
gcc: error: unrecognized command-line option '-qversion'; did you mean '--version'?
gcc: fatal error: no input files
compilation terminated.
configure:3710: $? = 1
configure:3699: gcc -version >&5
gcc: error: unrecognized command-line option '-version'
gcc: fatal error: no input files
compilation terminated.
configure:3710: $? = 1
configure:3730: checking whether the C compiler works
configure:3752: gcc    conftest.c  >&5
configure:3756: $? = 0
configure:3806: result: yes
configure:3809: checking for C compiler default output file name
configure:3811: result: a.out
configure:3817: checking for suffix of executables
configure:3824: gcc -o conftest    conftest.c  >&5
configure:3828: $? = 0
configure:3851: result: 
configure:3873: checking whether we are cross compiling
configure:3881: gcc -o conftest    conftest.c  >&5
configure:3885: $? = 0
configure:3892: ./conftest
configure:3896: $? = 0
configure:3911: result: no
configure:3916: checking for suffix of object files
configure:3939: gcc -c   conftest.c >&5
configure:3943: $? = 0
configure:3965: result: o
configure:3969: checking whether the compiler supports GNU C
configure:3989: gcc -c   conftest.c >&5
configure:3989: $? = 0
configure:3999: result: yes
configure:4010: checking whether gcc accepts -g
configure:4031: gcc -c -g  conftest.c >&5
configure:4031: $? = 0
configure:4075: result: yes
configure:4095: checking for gcc option to enable C11 features
configure:4110: gcc  -c -g -O2  conftest.c >&5
configure:4110: $? = 0
configure:4128: result: none needed
configure:4244: checking whether gcc understands -c and -o together
configure:4267: gcc -c conftest.c -o conftest2.o
configure:4270: $? = 0
configure:4267: gcc -c conftest.c -o conftest2.o
configure:4270: $? = 0
configure:4282: result: yes
configure:4302: checking whether make supports the include directive
configure:4317: make -f confmf.GNU && cat confinc.out
make[1]: Entering directory '/media/joseph/DATA/Ecole/_2A/IN204/TETRIS/enet'
make[1]: Leaving directory '/media/joseph/DATA/Ecole/_2A/IN204/TETRIS/enet'
this is the am__doit target
configure:4320: $? = 0
configure:4339: result: yes (GNU style)
configure:4365: checking dependency style of gcc
configure:4477: result: gcc3
configure:4524: checking build system type
configure:4539: result: x86_64-pc-linux-gnu
configure:4559: checking host system type
configure:4573: result: x86_64-pc-linux-gnu
configure:4614: checking how to print strings
configure:4641: result: printf
configure:4662: checking for a sed that does not truncate output
configure:4732: result: /usr/bin/sed
configure:4750: checking for grep that handles long lines and -e
configure:4814: result: /usr/bin/grep
configure:4819: checking for egrep
configure:4887: result: /usr/bin/grep -E
configure:4892: checking for fgrep
configure:4960: result: /usr/bin/grep -F
configure:4996: checking for ld used by gcc
configure:5064: result: /usr/bin/ld
configure:5071: checking if the linker (/usr/bin/ld) is GNU ld
configure:5087: result: yes
configure:5099: checking for BSD- or MS-compatible name lister (nm)
configure:5154: result: /usr/bin/nm -B
configure:5294: checking the name lister (/usr/bin/nm -B) interface
configure:5302: gcc -c -g -O2  conftest.c >&5
configure:5305: /usr/bin/nm -B "conftest.o"
configure:5308: output
0000000000000000 B some_variable
configure:5315: result: BSD nm
configure:5318: checking whether ln -s works
configure:5322: result: yes
configure:5330: checking the maximum length of command line arguments
configure:5462: result: 1572864
configure:5510: checking how to convert x86_64-pc-linux-gnu file names to x86_64-pc-linux-gnu format
configure:5551: result: func_convert_file_noop
configure:5558: checking how to convert x86_64-pc-linux-gnu file names to toolchain format
configure:5579: result: func_convert_file_noop
configure:5586: checking for /usr/bin/ld option to reload object files
configure:5594: result: -r
configure:5673: checking for file
configure:5694: found /usr/bin/file
configure:5705: result: file
configure:5781: checking for objdump
configure:5802: found /usr/bin/objdump
configure:5813: result: objdump
configure:5845: checking how to recognize dependent libraries
configure:6046: result: pass_all
configure:6136: checking for dlltool
configure:6171: result: no
configure:6201: checking how to associate runtime and link libraries
configure:6229: result: printf %s\n
configure:6295: checking for ar
configure:6316: found /usr/bin/ar
configure:6327: result: ar
configure:6380: checking for archiver @FILE support
configure:6398: gcc -c -g -O2  conftest.c >&5
configure:6398: $? = 0
configure:6402: ar cr libconftest.a @conftest.lst >&5
configure:6405: $? = 0
configure:6410: ar cr libconftest.a @conftest.lst >&5
ar: conftest.o: No such file or directory
configure:6413: $? = 1
configure:6425: result: @
configure:6488: checking for strip
configure:6509: found /usr/bin/strip
configure:6520: result: strip
configure:6597: checking for ranlib
configure:6618: found /usr/bin/ranlib
configure:6629: result: ranlib
configure:6731: checking command to parse /usr/bin/nm -B output from gcc object
configure:6885: gcc -c -g -O2  conftest.c >&5
configure:6888: $? = 0
configure:6892: /usr/bin/nm -B conftest.o | /usr/bin/sed -n -e 's/^.*[	 ]\([ABCDGIRSTW][ABCDGIRSTW]*\)[	 ][	 ]*\([_A-Za-z][_A-Za-z0-9]*\)$/\1 \2 \2/p' | /usr/bin/sed '/ __gnu_lto/d' > conftest.nm
configure:6958: gcc -o conftest -g -O2   conftest.c conftstm.o >&5
configure:6961: $? = 0
configure:6999: result: ok
configure:7046: checking for sysroot
configure:7077: result: no
configure:7084: checking for a working dd
configure:7128: result: /usr/bin/dd
configure:7132: checking how to truncate binary pipes
configure:7148: result: /usr/bin/dd bs=4096 count=1
configure:7285: gcc -c -g -O2  conftest.c >&5
configure:7288: $? = 0
configure:7485: checking for mt
configure:7506: found /usr/bin/mt
configure:7517: result: mt
configure:7540: checking if mt is a manifest tool
configure:7547: mt '-?'
configure:7555: result: no
configure:8280: checking for stdio.h
configure:8280: gcc -c -g -O2  conftest.c >&5
configure:8280: $? = 0
configure:8280: result: yes
configure:8280: checking for stdlib.h
configure:8280: gcc -c -g -O2  conftest.c >&5
configure:8280: $? = 0
configure:8280: result: yes
configure:8280: checking for string.h
configure:8280: gcc -c -g -O2  conftest.c >&5
configure:8280: $? = 0
configure:8280: result: yes
configure:8280: checking for inttypes.h
configure:8280: gcc -c -g -O2  conftest.c >&5
configure:8280: $? = 0
configure:8280: result: yes
configure:8280: checking for stdint.h
configure:8280: gcc -c -g -O2  conftest.c >&5
configure:8280: $? = 0
configure:8280: result: yes
configure:8280: checking for strings.h
configure:8280: gcc -c -g -O2  conftest.c >&5
configure:8280: $? = 0
configure:8280: result: yes
configure:8280: checking for sys/stat.h
configure:8280: gcc -c -g -O2  conftest.c >&5
configure:8280: $? = 0
configure:8280: result: yes
configure:8280: checking for sys/types.h
configure:8280: gcc -c -g -O2  conftest.c >&5
configure:8280: $? = 0
configure:8280: result: yes
configure:8280: checking for unistd.h
configure:8280: gcc -c -g -O2  conftest.c >&5
configure:8280: $? = 0
configure:8280: result: yes
configure:8305: checking for dlfcn.h
configure:8305: gcc -c -g -O2  conftest.c >&5
configure:8305: $? = 0
configure:8305: result: yes
configure:8564: checking for objdir
configure:8580: result: .libs
configure:8844: checking if gcc supports -fno-rtti -fno-exceptions
configure:8863: gcc -c -g -O2  -fno-rtti -fno-exceptions conftest.c >&5
cc1: warning: command-line option '-fno-rtti' is valid for C++/D/ObjC++ but not for C
configure:8867: $? = 0
configure:8880: result: no
configure:9244: checking for gcc option to produce PIC
configure:9252: result: -fPIC -DPIC
configure:9260: checking if gcc PIC flag -fPIC -DPIC works
configure:9279: gcc -c -g -O2  -fPIC -DPIC -DPIC conftest.c >&5
configure:9283: $? = 0
configure:9296: result: yes
configure:9325: checking if gcc static flag -static works
configure:9354: result: yes
configure:9369: checking if gcc supports -c -o file.o
configure:9391: gcc -c -g -O2  -o out/conftest2.o conftest.c >&5
configure:9395: $? = 0
configure:9417: result: yes
configure:9425: checking if gcc supports -c -o file.o
configure:9473: result: yes
configure:9506: checking whether the gcc linker (/usr/bin/ld -m elf_x86_64) supports shared libraries
configure:10780: result: yes
configure:10817: checking whether -lc should be explicitly linked in
configure:10826: gcc -c -g -O2  conftest.c >&5
configure:10829: $? = 0
configure:10844: gcc -shared  -fPIC -DPIC conftest.o  -v -Wl,-soname -Wl,conftest -o conftest 2\>\&1 \| /usr/bin/grep  -lc  \>/dev/null 2\>\&1
configure:10847: $? = 0
configure:10861: result: no
configure:11021: checking dynamic linker characteristics
configure:11603: gcc -o conftest -g -O2   -Wl,-rpath -Wl,/foo conftest.c  >&5
configure:11603: $? = 0
configure:11854: result: GNU/Linux ld.so
configure:11976: checking how to hardcode library paths into programs
configure:12001: result: immediate
configure:12553: checking whether stripping libraries is possible
configure:12562: result: yes
configure:12604: checking if libtool supports shared libraries
configure:12606: result: yes
configure:12609: checking whether to build shared libraries
configure:12634: result: yes
configure:12637: checking whether to build static libraries
configure:12641: result: yes
configure:12679: checking for getaddrinfo
configure:12679: gcc -o conftest -g -O2   conftest.c  >&5
configure:12679: $? = 0
configure:12679: result: yes
configure:12686: checking for getnameinfo
configure:12686: gcc -o conftest -g -O2   conftest.c  >&5
configure:12686: $? = 0
configure:12686: result: yes
configure:12693: checking for gethostbyaddr_r
configure:12693: gcc -o conftest -g -O2   conftest.c  >&5
configure:12693: $? = 0
configure:12693: result: yes
configure:12700: checking for gethostbyname_r
configure:12700: gcc -o conftest -g -O2   conftest.c  >&5
configure:12700: $? = 0
configure:12700: result: yes
configure:12707: checking for poll
configure:12707: gcc -o conftest -g -O2   conftest.c  >&5
configure:12707: $? = 0
configure:12707: result: yes
configure:12714: checking for fcntl
configure:12714: gcc -o conftest -g -O2   conftest.c  >&5
configure:12714: $? = 0
configure:12714: result: yes
configure:12721: checking for inet_pton
configure:12721: gcc -o conftest -g -O2   conftest.c  >&5
configure:12721: $? = 0
configure:12721: result: yes
configure:12728: checking for inet_ntop
configure:12728: gcc -o conftest -g -O2   conftest.c  >&5
configure:12728: $? = 0
configure:12728: result: yes
configure:12736: checking for struct msghdr.msg_flags
configure:12736: gcc -c -g -O2  conftest.c >&5
configure:12736: $? = 0
configure:12736: result: yes
configure:12745: checking for socklen_t
configure:12745: gcc -c -g -O2  conftest.c >&5
configure:12745: $? = 0
configure:12745: gcc -c -g -O2  conftest.c >&5
conftest.c: In function 'main':
conftest.c:39:24: error: expected expression before ')' token
   39 | if (sizeof ((socklen_t)))
      |                        ^
configure:12745: $? = 1
configure: failed program was:
| /* confdefs.h */
| #define PACKAGE_NAME "libenet"
| #define PACKAGE_TARNAME "libenet"
| #define PACKAGE_VERSION "1.3.18"
| #define PACKAGE_STRING "libenet 1.3.18"
| #define PACKAGE_BUGREPORT ""
| #define PACKAGE_URL ""
| #define PACKAGE "libenet"
| #define VERSION "1.3.18"
| #define HAVE_STDIO_H 1
| #define HAVE_STDLIB_H 1
| #define HAVE_STRING_H 1
| #define HAVE_INTTYPES_H 1
| #define HAVE_STDINT_H 1
| #define HAVE_STRINGS_H 1
| #define HAVE_SYS_STAT_H 1
| #define HAVE_SYS_TYPES_H 1
| #define HAVE_UNISTD_H 1
| #define STDC_HEADERS 1
| #define HAVE_DLFCN_H 1
| #define LT_OBJDIR ".libs/"
| #define HAS_GETADDRINFO 1
| #define HAS_GETNAMEINFO 1
| #define HAS_GETHOSTBYADDR_R 1
| #define HAS_GETHOSTBYNAME_R 1
| #define HAS_POLL 1
| #define HAS_FCNTL 1
| #define HAS_INET_PTON 1
| #define HAS_INET_NTOP 1
| #define HAS_MSGHDR_FLAGS 1
| /* end confdefs.h.  */
| #include <sys/types.h>
|               #include <sys/socket.h>
| 
| 
| int
| main (void)
| {
| if (sizeof ((socklen_t)))
| 	    return 0;
|   ;
|   return 0;
| }
configure:12745: result: yes
configure:12895: checking that generated files are newer than configure
configure:12901: result: done
configure:12924: creating ./config.status

## ---------------- ##
## Cache variables. ##
## ---------------- ##

ac_cv_build=x86_64-pc-linux-gnu
ac_cv_c_compiler_gnu=yes
ac_cv_env_CC_set=
ac_cv_env_CC_value=
ac_cv_env_CFLAGS_set=
ac_cv_env_CFLAGS_value=
ac_cv_env_CPPFLAGS_set=
ac_cv_env_CPPFLAGS_value=
ac_cv_env_LDFLAGS_set=
ac_cv_env_LDFLAGS_value=
ac_cv_env_LIBS_set=
ac_cv_env_LIBS_value=
ac_cv_env_LT_SYS_LIBRARY_PATH_set=
ac_cv_env_LT_SYS_LIBRARY_PATH_value=
ac_cv_env_build_alias_set=
ac_cv_env_build_alias_value=
ac_cv_env_host_alias_set=
ac_cv_env_host_alias_value=
ac_cv_env_target_alias_set=
ac_cv_env_target_alias_value=
ac_cv_func_fcntl=yes
ac_cv_func_getaddrinfo=yes
ac_cv_func_gethostbyaddr_r=yes
ac_cv_func_gethostbyname_r=yes
ac_cv_func_getnameinfo=yes
ac_cv_func_inet_ntop=yes
ac_cv_func_inet_pton=yes
ac_cv_func_poll=yes
ac_cv_header_dlfcn_h=yes
ac_cv_header_inttypes_h=yes
ac_cv_header_stdint_h=yes
ac_cv_header_stdio_h=yes
ac_cv_header_stdlib_h=yes
ac_cv_header_string_h=yes
ac_cv_header_strings_h=yes
ac_cv_header_sys_stat_h=yes
ac_cv_header_sys_types_h=yes
ac_cv_header_unistd_h=yes
ac_cv_host=x86_64-pc-linux-gnu
ac_cv_member_struct_msghdr_msg_flags=yes
ac_cv_objext=o
ac_cv_path_EGREP='/usr/bin/grep -E'
ac_cv_path_FGREP='/usr/bin/grep -F'
ac_cv_path_GREP=/usr/bin/grep
ac_cv_path_SED=/usr/bin/sed
ac_cv_path_install='/usr/bin/install -c'
ac_cv_path_lt_DD=/usr/bin/dd
ac_cv_path_mkdir=/usr/bin/mkdir
ac_cv_prog_AWK=mawk
ac_cv_prog_ac_ct_AR=ar
ac_cv_prog_ac_ct_CC=gcc
ac_cv_prog_ac_ct_FILECMD=file
ac_cv_prog_ac_ct_MANIFEST_TOOL=mt
ac_cv_prog_ac_ct_OBJDUMP=objdump
ac_cv_prog_ac_ct_RANLIB=ranlib
ac_cv_prog_ac_ct_STRIP=strip
ac_cv_prog_cc_c11=
ac_cv_prog_cc_g=yes
ac_cv_prog_cc_stdc=
ac_cv_prog_make_make_set=yes
ac_cv_type_socklen_t=yes
am_cv_CC_dependencies_compiler_type=gcc3
am_cv_make_support_nested_variables=yes
am_cv_prog_cc_c_o=yes
lt_cv_ar_at_file=@
lt_cv_archive_cmds_need_lc=no
lt_cv_deplibs_check_method=pass_all
lt_cv_file_magic_cmd='$MAGIC_CMD'
lt_cv_file_magic_test_file=
lt_cv_ld_reload_flag=-r
lt_cv_nm_interface='BSD nm'
lt_cv_objdir=.libs
lt_cv_path_LD=/usr/bin/ld
lt_cv_path_NM='/usr/bin/nm -B'
lt_cv_path_mainfest_tool=no
lt_cv_prog_compiler_c_o=yes
lt_cv_prog_compiler_pic='-fPIC -DPIC'
lt_cv_prog_compiler_pic_works=yes
lt_cv_prog_compiler_rtti_exceptions=no
lt_cv_prog_compiler_static_works=yes
lt_cv_prog_gnu_ld=yes
lt_cv_sharedlib_from_linklib_cmd='printf %s\n'
lt_cv_shlibpath_overrides_runpath=yes
lt_cv_sys_global_symbol_pipe='/usr/bin/sed -n -e '\''s/^.*[	 ]\([ABCDGIRSTW][ABCDGIRSTW]*\)[	 ][	 ]*\([_A-Za-z][_A-Za-z0-9]*\)$/\1 \2 \2/p'\'' | /usr/bin/sed '\''/ __gnu_lto/d'\'''
lt_cv_sys_global_symbol_to_c_name_address='/usr/bin/sed -n -e '\''s/^: \(.*\) .*$/  {"\1", (void *) 0},/p'\'' -e '\''s/^[ABCDGIRSTW][ABCDGIRSTW]* .* \(.*\)$/  {"\1", (void *) \&\1},/p'\'''
lt_cv_sys_global_symbol_to_c_name_address_lib_prefix='/usr/bin/sed -n -e '\''s/^: \(.*\) .*$/  {"\1", (void *) 0},/p'\'' -e '\''s/^[ABCDGIRSTW][ABCDGIRSTW]* .* \(lib.*\)$/  {"\1", (void *) \&\1},/p'\'' -e '\''s/^[ABCDGIRSTW][ABCDGIRSTW]* .* \(.*\)$/  {"lib\1", (void *) \&\1},/p'\'''
lt_cv_sys_global_symbol_to_cdecl='/usr/bin/sed -n -e '\''s/^T .* \(.*\)$/extern int \1();/p'\'' -e '\''s/^[ABCDGIRSTW][ABCDGIRSTW]* .* \(.*\)$/extern char \1;/p'\'''
lt_cv_sys_global_symbol_to_import=
lt_cv_sys_max_cmd_len=1572864
lt_cv_to_host_file_cmd=func_convert_file_noop
lt_cv_to_tool_file_cmd=func_convert_file_noop
lt_cv_truncate_bin='/usr/bin/dd bs=4096 count=1'

## ----------------- ##
## Output variables. ##
## ----------------- ##

ACLOCAL='${SHELL} '\''/media/joseph/DATA/Ecole/_2A/IN204/TETRIS/enet/missing'\'' aclocal-1.16'
AMDEPBACKSLASH='\'
AMDEP_FALSE='#'
AMDEP_TRUE=''
AMTAR='$${TAR-tar}'
AM_BACKSLASH='\'
AM_DEFAULT_V='$(AM_DEFAULT_VERBOSITY)'
AM_DEFAULT_VERBOSITY='1'
AM_V='$(V)'
AR='ar'
AUTOCONF='${SHELL} '\''/media/joseph/DATA/Ecole/_2A/IN204/TETRIS/enet/missing'\'' autoconf'
AUTOHEADER='${SHELL} '\''/media/joseph/DATA/Ecole/_2A/IN204/TETRIS/enet/missing'\'' autoheader'
AUTOMAKE='${SHELL} '\''/media/joseph/DATA/Ecole/_2A/IN204/TETRIS/enet/missing'\'' automake-1.16'
AWK='mawk'
CC='gcc'
CCDEPMODE='depmode=gcc3'
CFLAGS='-g -O2'
CPPFLAGS=''
CSCOPE='cscope'
CTAGS='ctags'
CYGPATH_W='echo'
DEFS='-DPACKAGE_NAME=\"libenet\" -DPACKAGE_TARNAME=\"libenet\" -DPACKAGE_VERSION=\"1.3.18\" -DPACKAGE_STRING=\"libenet\ 1.3.18\" -DPACKAGE_BUGREPORT=\"\" -DPACKAGE_URL=\"\" -DPACKAGE=\"libenet\" -DVERSION=\"1.3.18\" -DHAVE_STDIO_H=1 -DHAVE_STDLIB_H=1 -DHAVE_STRING_H=1 -DHAVE_INTTYPES_H=1 -DHAVE_STDINT_H=1 -DHAVE_STRINGS_H=1 -DHAVE_SYS_STAT_H=1 -DHAVE_SYS_TYPES_H=1 -DHAVE_UNISTD_H=1 -DSTDC_HEADERS=1 -DHAVE_DLFCN_H=1 -DLT_OBJDIR=\".libs/\" -DHAS_GETADDRINFO=1 -DHAS_GETNAMEINFO=1 -DHAS_GETHOSTBYADDR_R=1 -DHAS_GETHOSTBYNAME_R=1 -DHAS_POLL=1 -DHAS_FCNTL=1 -DHAS_INET_PTON=1 -DHAS_INET_NTOP=1 -DHAS_MSGHDR_FLAGS=1 -DHAS_SOCKLEN_T=1'
DEPDIR='.deps'
DLLTOOL='false'
DSYMUTIL=''
DUMPBIN=''
ECHO_C=''
ECHO_N='-n'
ECHO_T=''
EGREP='/usr/bin/grep -E'
ETAGS='etags'
EXEEXT=''
FGREP='/usr/bin/grep -F'
FILECMD='file'
GREP='/usr/bin/grep'
INSTALL_DATA='${INSTALL} -m 644'
INSTALL_PROGRAM='${INSTALL}'
INSTALL_SCRIPT='${INSTALL}'
INSTALL_STRIP_PROGRAM='$(install_sh) -c -s'
LD='/usr/bin/ld -m elf_x86_64'
LDFLAGS=''
LIBOBJS=''
LIBS=''
LIBTOOL='$(SHELL) $(top_builddir)/libtool'
LIPO=''
LN_S='ln -s'
LTLIBOBJS=''
LT_SYS_LIBRARY_PATH=''
MAKEINFO='${SHELL} '\''/media/joseph/DATA/Ecole/_2A/IN204/TETRIS/enet/missing'\'' makeinfo'
MANIFEST_TOOL=':'
MKDIR_P='/usr/bin/mkdir -p'
NM='/usr/bin/nm -B'
NMEDIT=''
OBJDUMP='objdump'
OBJEXT='o'
OTOOL64=''
OTOOL=''
PACKAGE='libenet'
PACKAGE_BUGREPORT=''
PACKAGE_NAME='libenet'
PACKAGE_STRING='libenet 1.3.18'
PACKAGE_TARNAME='libenet'
PACKAGE_URL=''
PACKAGE_VERSION='1.3.18'
PATH_SEPARATOR=':'
RANLIB='ranlib'
SED='/usr/bin/sed'
SET_MAKE=''
SHELL='/bin/bash'
STRIP='strip'
VERSION='1.3.18'
ac_ct_AR='ar'
ac_ct_CC='gcc'
ac_ct_DUMPBIN=''
am__EXEEXT_FALSE=''
am__EXEEXT_TRUE='#'
am__fastdepCC_FALSE='#'
am__fastdepCC_TRUE=''
am__include='include'
am__isrc=''
am__leading_dot='.'
am__nodep='_no'
am__quote=''
am__tar='$${TAR-tar} chof - "$$tardir"'
am__untar='$${TAR-tar} xf -'
bindir='${exec_prefix}/bin'
build='x86_64-pc-linux-gnu'
build_alias=''
build_cpu='x86_64'
build_os='linux-gnu'
build_vendor='pc'
datadir='${datarootdir}'
datarootdir='${prefix}/share'
docdir='${datarootdir}/doc/${PACKAGE_TARNAME}'
dvidir='${docdir}'
exec_prefix='${prefix}'
host='x86_64-pc-linux-gnu'
host_alias=''
host_cpu='x86_64'
host_os='linux-gnu'
host_vendor='pc'
htmldir='${docdir}'
includedir='${prefix}/include'
infodir='${datarootdir}/info'
install_sh='${SHELL} /media/joseph/DATA/Ecole/_2A/IN204/TETRIS/enet/install-sh'
libdir='${exec_prefix}/lib'
libexecdir='${exec_prefix}/libexec'
localedir='${datarootdir}/locale'
localstatedir='${prefix}/var'
mandir='${datarootdir}/man'
mkdir_p='$(MKDIR_P)'
oldincludedir='/usr/include'
pdfdir='${docdir}'
prefix='/usr/local'
program_transform_name='s,x,x,'
psdir='${docdir}'
runstatedir='${localstatedir}/run'
sbindir='${exec_prefix}/sbin'
sharedstatedir='${prefix}/com'
sysconfdir='${prefix}/etc'
target_alias=''

## ----------- ##
## confdefs.h. ##
## ----------- ##

/* confdefs.h */
#define PACKAGE_NAME "libenet"
#define PACKAGE_TARNAME "libenet"
#define PACKAGE_VERSION "1.3.18"
#define PACKAGE_STRING "libenet 1.3.18"
#define PACKAGE_BUGREPORT ""
#define PACKAGE_URL ""
#define PACKAGE "libenet"
#define VERSION "1.3.18"
#define HAVE_STDIO_H 1
#define HAVE_STDLIB_H 1
#define HAVE_STRING_H 1
#define HAVE_INTTYPES_H 1
#define HAVE_STDINT_H 1
#define HAVE_STRINGS_H 1
#define HAVE_SYS_STAT_H 1
#define HAVE_SYS_TYPES_H 1
#define HAVE_UNISTD_H 1
#define STDC_HEADERS 1
#define HAVE_DLFCN_H 1
#define LT_OBJDIR ".libs/"
#define HAS_GETADDRINFO 1
#define HAS_GETNAMEINFO 1
#define HAS_GETHOSTBYADDR_R 1
#define HAS_GETHOSTBYNAME_R 1
#define HAS_POLL 1
#define HAS_FCNTL 1
#define HAS_INET_PTON 1
#define HAS_INET_NTOP 1
#define HAS_MSGHDR_FLAGS 1
#define HAS_SOCKLEN_T 1

configure: exit 0

## ---------------------- ##
## Running config.status. ##
## ---------------------- ##

This file was extended by libenet config.status 1.3.18, which was
generated by GNU Autoconf 2.71.  Invocation command line was

  CONFIG_FILES    = 
  CONFIG_HEADERS  = 
  CONFIG_LINKS    = 
  CONFIG_COMMANDS = 
  $ ./config.status 

on linux-midtounp

config.status:1007: creating Makefile
config.status:1007: creating libenet.pc
config.status:1179: executing depfiles commands
config.status:1256: cd .       && sed -e '/# am--include-marker/d' Makefile         | make -f - am--depfiles
make[1]: Entering directory '/media/joseph/DATA/Ecole/_2A/IN204/TETRIS/enet'
make[1]: Nothing to be done for 'am--depfiles'.
make[1]: Leaving directory '/media/joseph/DATA/Ecole/_2A/IN204/TETRIS/enet'
config.status:1261: $? = 0
config.status:1179: executing libtool commands
